{"message":"609b8a14e8b9f37898b2beac Start reading biological-pathways","level":"info","timestamp":"2021-05-15T03:23:14.696Z"}
{"message":"609b8a14e8b9f37898b2beac Start reading biological-pathways","level":"info","timestamp":"2021-05-15T03:23:38.042Z"}
{"message":"609b8a14e8b9f37898b2beac Start reading biological-pathways","level":"info","timestamp":"2021-05-15T03:23:42.235Z"}
{"message":"609b8a14e8b9f37898b2beac listingAllBlogs ","level":"info","timestamp":"2021-05-15T03:39:51.931Z"}
{"message":"Profile Updated for 609b8a14e8b9f37898b2beac","level":"warn","timestamp":"2021-05-15T03:40:10.751Z"}
{"message":"Profile Updated for 609b8a14e8b9f37898b2beac","level":"warn","timestamp":"2021-05-15T03:40:18.309Z"}
{"message":"Profile Updated for 609b8a14e8b9f37898b2beac","level":"warn","timestamp":"2021-05-15T03:40:31.459Z"}
{"message":"609b8a14e8b9f37898b2beac listingAllBlogs ","level":"info","timestamp":"2021-05-15T03:40:44.198Z"}
{"message":"609b8a14e8b9f37898b2beac listingAllBlogs ","level":"info","timestamp":"2021-05-15T03:40:47.553Z"}
{"message":"609b8a14e8b9f37898b2beac listingAllBlogs ","level":"info","timestamp":"2021-05-15T03:43:03.849Z"}
{"message":"609b8a14e8b9f37898b2beac listingAllBlogs ","level":"info","timestamp":"2021-05-15T03:43:06.742Z"}
{"message":"609b8a14e8b9f37898b2beac Start reading biological-pathways","level":"info","timestamp":"2021-05-15T03:43:09.286Z"}
{"message":"Profile Updated for 609b8a14e8b9f37898b2beac","level":"warn","timestamp":"2021-05-15T03:43:17.618Z"}
{"message":"609b8a14e8b9f37898b2beac listingAllBlogs ","level":"info","timestamp":"2021-05-15T03:44:27.268Z"}
{"message":"609b8a14e8b9f37898b2beac Checked Analytics","level":"info","timestamp":"2021-05-15T03:44:32.200Z"}
{"message":"609b8a14e8b9f37898b2beac listingAllBlogs ","level":"info","timestamp":"2021-05-15T07:03:17.464Z"}
{"message":"609b8a14e8b9f37898b2beac Start reading biological-pathways","level":"info","timestamp":"2021-05-15T07:03:23.578Z"}
{"message":"609b8a14e8b9f37898b2beac listingAllBlogs ","level":"info","timestamp":"2021-05-15T07:03:35.050Z"}
{"message":"609b8a14e8b9f37898b2beac Checked Analytics","level":"info","timestamp":"2021-05-15T07:03:40.039Z"}
{"message":"609b8a14e8b9f37898b2beac listingAllBlogs ","level":"info","timestamp":"2021-05-15T07:03:50.575Z"}
{"message":"609b8a14e8b9f37898b2beac Start reading biological-pathways","level":"info","timestamp":"2021-05-15T07:03:53.100Z"}
{"message":"609b8a14e8b9f37898b2beac listingAllBlogs ","level":"info","timestamp":"2021-05-15T07:03:57.460Z"}
{"message":"609b8a14e8b9f37898b2beac listingAllBlogs ","level":"info","timestamp":"2021-05-15T07:04:00.646Z"}
{"message":"609b8a14e8b9f37898b2beac Checked Analytics","level":"info","timestamp":"2021-05-15T07:04:10.961Z"}
{"message":"609b8a14e8b9f37898b2beac listingAllBlogs ","level":"info","timestamp":"2021-05-15T07:04:17.002Z"}
{"message":"Profile Updated for 609b8a14e8b9f37898b2beac","level":"warn","timestamp":"2021-05-15T07:04:32.321Z"}
{"message":"Profile Updated for 609b8a14e8b9f37898b2beac","level":"warn","timestamp":"2021-05-15T07:04:46.540Z"}
{"message":"609b8a14e8b9f37898b2beac listingAllBlogs ","level":"info","timestamp":"2021-05-15T07:04:52.433Z"}
{"message":"609b8a14e8b9f37898b2beac listingAllBlogs ","level":"info","timestamp":"2021-05-15T07:07:10.732Z"}
{"message":"609b8a14e8b9f37898b2beac Start reading biological-pathways","level":"info","timestamp":"2021-05-15T07:07:13.806Z"}
{"message":"609b8a14e8b9f37898b2beac listingAllBlogs ","level":"info","timestamp":"2021-05-16T03:24:26.845Z"}
{"message":"undefined Start reading biological-pathways","level":"info","timestamp":"2021-05-16T03:24:40.462Z"}
{"message":"biological-pathways Start reading photo","level":"info","timestamp":"2021-05-16T03:24:40.549Z"}
{"message":"undefined Start reading biological-pathways","level":"info","timestamp":"2021-05-16T03:25:55.960Z"}
{"message":"undefined Start reading biological-pathways","level":"info","timestamp":"2021-05-16T03:27:15.659Z"}
{"message":" Unauth Signin-try","level":"warn","timestamp":"2021-05-16T03:38:25.554Z"}
{"message":" Unauth Signin-try","level":"warn","timestamp":"2021-05-16T03:38:33.901Z"}
{"message":"iamvikapatil@gmail.com Signin-Sucess","level":"info","timestamp":"2021-05-16T03:38:36.731Z"}
{"message":"609b8a14e8b9f37898b2beac listingAllBlogs ","level":"info","timestamp":"2021-05-16T03:38:45.357Z"}
{"message":" Unauth Signin-try","level":"warn","timestamp":"2021-05-16T03:39:15.213Z"}
{"message":"Category cryptography Created","level":"info","timestamp":"2021-05-16T05:09:10.657Z"}
{"message":"Category vr Created","level":"info","timestamp":"2021-05-16T05:09:19.101Z"}
{"message":"Category spe Created","level":"info","timestamp":"2021-05-16T05:09:41.965Z"}
{"message":"Tag image-processing created","level":"info","timestamp":"2021-05-16T05:11:07.075Z"}
{"message":"Tag docker-img created","level":"info","timestamp":"2021-05-16T05:11:21.138Z"}
{"message":"Tag jenkins created","level":"info","timestamp":"2021-05-16T05:11:38.007Z"}
{"message":"Tag devoops created","level":"info","timestamp":"2021-05-16T05:11:52.097Z"}
{"message":"609b7428e8b9f37898b2bea0 listingAllBlogs ","level":"info","timestamp":"2021-05-16T05:12:00.454Z"}
{"message":" Unauth Signin-try","level":"warn","timestamp":"2021-05-16T05:12:32.852Z"}
{"message":"iamvikapatil@gmail.com Signin-Sucess","level":"info","timestamp":"2021-05-16T05:12:41.070Z"}
{"message":"609b8a14e8b9f37898b2beac Created how-do-i-free-up-disk-space","level":"info","timestamp":"2021-05-16T05:13:52.164Z"}
{"message":"609b8a14e8b9f37898b2beac Created list-installed-packages-in-ubuntu-and-debian","level":"info","timestamp":"2021-05-16T05:15:21.952Z"}
{"message":"609b8a14e8b9f37898b2beac Created application-viewer:","level":"info","timestamp":"2021-05-16T05:19:22.667Z"}
{"message":"609b8a14e8b9f37898b2beac listingAllBlogs ","level":"info","timestamp":"2021-05-16T05:19:30.736Z"}
{"message":"609b8a14e8b9f37898b2beac listingAllBlogs ","level":"info","timestamp":"2021-05-16T05:19:40.229Z"}
{"message":"609b8a14e8b9f37898b2beac listingAllBlogs ","level":"info","timestamp":"2021-05-16T05:19:43.711Z"}
{"message":"rrutvilimbasiya@gmail.com Signin-Sucess","level":"info","timestamp":"2021-05-16T05:20:46.446Z"}
{"message":"609b7521e8b9f37898b2bea9 listingAllBlogs ","level":"info","timestamp":"2021-05-16T05:20:51.332Z"}
{"message":"609b7521e8b9f37898b2bea9 Created the-pituitary-gland","level":"info","timestamp":"2021-05-16T05:41:28.656Z"}
{"message":"609b7521e8b9f37898b2bea9 listingAllBlogs ","level":"info","timestamp":"2021-05-16T05:41:35.777Z"}
{"message":"609b7521e8b9f37898b2bea9 Start reading the-pituitary-gland","level":"info","timestamp":"2021-05-16T05:41:43.871Z"}
{"message":"609b7521e8b9f37898b2bea9 listingAllBlogs ","level":"info","timestamp":"2021-05-16T05:41:52.839Z"}
{"message":"609b7521e8b9f37898b2bea9 Start reading the-pituitary-gland","level":"info","timestamp":"2021-05-16T05:41:56.970Z"}
{"message":"609b7521e8b9f37898b2bea9 listingAllBlogs ","level":"info","timestamp":"2021-05-16T05:41:58.771Z"}
{"message":"609b7521e8b9f37898b2bea9 listingAllBlogs ","level":"info","timestamp":"2021-05-16T05:42:02.419Z"}
{"message":"609b7521e8b9f37898b2bea9 Start reading the-pituitary-gland","level":"info","timestamp":"2021-05-16T05:46:40.011Z"}
{"message":"609b7521e8b9f37898b2bea9 listingAllBlogs ","level":"info","timestamp":"2021-05-16T05:46:49.064Z"}
{"message":"609b7521e8b9f37898b2bea9 listingAllBlogs ","level":"info","timestamp":"2021-05-16T05:46:51.887Z"}
{"message":"609b7521e8b9f37898b2bea9 listingAllBlogs ","level":"info","timestamp":"2021-05-16T05:46:54.156Z"}
{"message":"609b7521e8b9f37898b2bea9 Created knee-joint","level":"info","timestamp":"2021-05-16T05:48:03.089Z"}
{"message":"609b7521e8b9f37898b2bea9 listingAllBlogs ","level":"info","timestamp":"2021-05-16T05:48:05.764Z"}
{"message":"609b7521e8b9f37898b2bea9 Start reading the-pituitary-gland","level":"info","timestamp":"2021-05-16T05:49:27.159Z"}
{"message":"609b7521e8b9f37898b2bea9 listingAllBlogs ","level":"info","timestamp":"2021-05-16T05:49:29.115Z"}
{"message":"609b7521e8b9f37898b2bea9 Checked Analytics","level":"info","timestamp":"2021-05-16T05:49:34.731Z"}
{"message":"609b7521e8b9f37898b2bea9 listingAllBlogs ","level":"info","timestamp":"2021-05-16T05:53:00.289Z"}
{"message":"whentmp+3ib2y@gmail.com sent for presign ","level":"info","timestamp":"2021-05-16T05:53:18.535Z"}
{"message":"rrutvilimbasiya@gmail.com Signin-Sucess","level":"info","timestamp":"2021-05-16T06:04:55.070Z"}
{"message":"609b7521e8b9f37898b2bea9 listingAllBlogs ","level":"info","timestamp":"2021-05-16T06:04:58.967Z"}
{"message":"undefined listingAllBlogs ","level":"info","timestamp":"2021-05-16T06:05:05.223Z"}
{"message":"undefined listingAllBlogs ","level":"info","timestamp":"2021-05-16T06:05:05.398Z"}
{"message":"609b7521e8b9f37898b2bea9 listingAllBlogs ","level":"info","timestamp":"2021-05-16T06:05:08.342Z"}
{"message":"609b7521e8b9f37898b2bea9 listingAllBlogs ","level":"info","timestamp":"2021-05-16T06:05:20.736Z"}
{"message":"609b7521e8b9f37898b2bea9 listingAllBlogs ","level":"info","timestamp":"2021-05-16T06:05:29.755Z"}
{"message":"609b7521e8b9f37898b2bea9 Start reading knee-joint","level":"info","timestamp":"2021-05-16T06:05:48.470Z"}
{"message":"609b7521e8b9f37898b2bea9 listingAllBlogs ","level":"info","timestamp":"2021-05-16T06:05:55.560Z"}
{"message":"609b7521e8b9f37898b2bea9 Start reading knee-joint","level":"info","timestamp":"2021-05-16T06:05:57.030Z"}
{"message":"609b7521e8b9f37898b2bea9 listingAllBlogs ","level":"info","timestamp":"2021-05-16T06:05:58.794Z"}
{"message":"609b7521e8b9f37898b2bea9 listingAllBlogs ","level":"info","timestamp":"2021-05-16T06:06:13.074Z"}
{"message":"609b7521e8b9f37898b2bea9 Created fsfsfsf-lorem-ipsum","level":"info","timestamp":"2021-05-16T06:07:35.970Z"}
{"message":"609b7521e8b9f37898b2bea9 listingAllBlogs ","level":"info","timestamp":"2021-05-16T06:07:39.362Z"}
{"message":"Profile Updated for 609b7521e8b9f37898b2bea9","level":"warn","timestamp":"2021-05-16T06:07:59.487Z"}
{"message":"Profile Updated for 609b7521e8b9f37898b2bea9","level":"warn","timestamp":"2021-05-16T06:08:28.475Z"}
{"message":"Profile Updated for 609b7521e8b9f37898b2bea9","level":"warn","timestamp":"2021-05-16T06:08:38.402Z"}
{"message":"609b7521e8b9f37898b2bea9 listingAllBlogs ","level":"info","timestamp":"2021-05-16T06:08:49.002Z"}
{"message":"609b7521e8b9f37898b2bea9 Start reading fsfsfsf-lorem-ipsum","level":"info","timestamp":"2021-05-16T06:08:57.512Z"}
{"message":"609b7521e8b9f37898b2bea9 listingAllBlogs ","level":"info","timestamp":"2021-05-16T06:08:59.380Z"}
{"message":"609b7521e8b9f37898b2bea9 listingAllBlogs ","level":"info","timestamp":"2021-05-16T06:09:38.147Z"}
{"message":"609b7521e8b9f37898b2bea9 Start reading the-pituitary-gland","level":"info","timestamp":"2021-05-16T06:09:43.586Z"}
{"message":"609b7521e8b9f37898b2bea9 listingAllBlogs ","level":"info","timestamp":"2021-05-16T06:09:45.797Z"}
{"message":"609b7521e8b9f37898b2bea9 Checked Analytics","level":"info","timestamp":"2021-05-16T06:09:52.876Z"}
{"message":"609b7521e8b9f37898b2bea9 listingAllBlogs ","level":"info","timestamp":"2021-05-16T06:10:10.028Z"}
{"message":"609b7521e8b9f37898b2bea9 Start reading fsfsfsf-lorem-ipsum","level":"info","timestamp":"2021-05-16T06:10:11.885Z"}
{"message":"609b7521e8b9f37898b2bea9 listingAllBlogs ","level":"info","timestamp":"2021-05-16T06:10:15.245Z"}
{"message":"609b7521e8b9f37898b2bea9 Checked Analytics","level":"info","timestamp":"2021-05-16T06:10:18.952Z"}
{"message":"609b7521e8b9f37898b2bea9 listingAllBlogs ","level":"info","timestamp":"2021-05-16T06:10:25.199Z"}
{"message":"undefined Start reading fsfsfsf-lorem-ipsum","level":"info","timestamp":"2021-05-16T06:11:14.553Z"}
{"message":"undefined Start reading fsfsfsf-lorem-ipsum","level":"info","timestamp":"2021-05-16T06:11:34.968Z"}
{"message":"Post update fsfsfsf-lorem-ipsum","level":"info","timestamp":"2021-05-16T06:12:39.339Z"}
{"message":"609b7521e8b9f37898b2bea9 listingAllBlogs ","level":"info","timestamp":"2021-05-16T06:12:43.201Z"}
{"message":"609b7521e8b9f37898b2bea9 listingAllBlogs ","level":"info","timestamp":"2021-05-16T06:12:45.906Z"}
{"message":" Unauth Signin-try","level":"warn","timestamp":"2021-05-16T06:13:14.114Z"}
{"message":" Unauth Signin-try","level":"warn","timestamp":"2021-05-16T06:13:27.085Z"}
{"message":"Category crypto-curr. Created","level":"info","timestamp":"2021-05-16T06:14:47.963Z"}
{"message":"Tag ffffsfs created","level":"info","timestamp":"2021-05-16T06:14:52.884Z"}
{"message":"Tag city Removed!","level":"warn","timestamp":"2021-05-16T06:15:22.104Z"}
{"message":"609b7428e8b9f37898b2bea0 listingAllBlogs ","level":"info","timestamp":"2021-05-16T06:15:24.547Z"}
